#
# A fatal error has been detected by the Java Runtime Environment:
#
#  SIGSEGV (0xb) at pc=0x00007f6a9c2f58d8, pid=13980, tid=0x00007f6a38dfc700
#
# JRE version: OpenJDK Runtime Environment (8.0_212-b01) (build 1.8.0_212-b01)
# Java VM: OpenJDK 64-Bit Server VM (25.212-b01 mixed mode linux-amd64 compressed oops)
# Problematic frame:
# V  [libjvm.so+0x6688d8]
#
# Core dump written. Default location: /home/stacy/Documents/Spring2019/CPTS464/P2_2/core or core.13980
#
# If you would like to submit a bug report, please visit:
#   http://bugreport.java.com/bugreport/crash.jsp
#

---------------  T H R E A D  ---------------

Current thread (0x00007f6a941cb000):  JavaThread "Thread-4" [_thread_in_vm, id=14008, stack(0x00007f6a38cfc000,0x00007f6a38dfd000)]

siginfo: si_signo: 11 (SIGSEGV), si_code: 1 (SEGV_MAPERR), si_addr: 0x0000000000000000

Registers:
RAX=0x00007f6a38dfb420, RBX=0x00007f6a941cb000, RCX=0x0000000000000000, RDX=0x00007f6a9c95ef38
RSP=0x00007f6a38dfb380, RBP=0x00007f6a38dfb500, RSI=0x00007f6a38dfb5c8, RDI=0x00007f6a38dfb3d0
R8 =0x00007f6a9c936960, R9 =0xffffffffffffffff, R10=0xfffffffffffff57d, R11=0x00007f6a38314918
R12=0x00007f6a38dfb3d0, R13=0x00007f6a941cb1e0, R14=0x0000000000000000, R15=0x00007f6a38dfb5c8
RIP=0x00007f6a9c2f58d8, EFLAGS=0x0000000000010246, CSGSFS=0x002b000000000033, ERR=0x0000000000000004
  TRAPNO=0x000000000000000e

Top of Stack: (sp=0x00007f6a38dfb380)
0x00007f6a38dfb380:   0000000000000000 0000000000000010
0x00007f6a38dfb390:   00007f6a941cb000 0000000000000000
0x00007f6a38dfb3a0:   0000000000000013 0000000000000000
0x00007f6a38dfb3b0:   00007f6a24003c28 00007f6a00000018
0x00007f6a38dfb3c0:   00007f6a38dfb510 00007f6a38dfb420
0x00007f6a38dfb3d0:   0000000000000013 0000000000000000
0x00007f6a38dfb3e0:   000000000000000f 00007f6a3862a660
0x00007f6a38dfb3f0:   0000000000000010 0000000000000000
0x00007f6a38dfb400:   0000000000000000 00007f6a3833e9da
0x00007f6a38dfb410:   0000000000000000 41695ba0e7a8ce00
0x00007f6a38dfb420:   00007f6a2c05ac18 00007f6a3833fa28
0x00007f6a38dfb430:   00007f6a24003bd8 0000000000000000
0x00007f6a38dfb440:   00007f6a9c936960 ffffffffffffffff
0x00007f6a38dfb450:   00007f6a38dfb5b0 00007f6a3833fd0a
0x00007f6a38dfb460:   00007f6a24003bd8 00007f6a2c05ac18
0x00007f6a38dfb470:   0000000000000014 00007f6a3833fef5
0x00007f6a38dfb480:   00007f6a24003bd8 00007f6a2c05a010
0x00007f6a38dfb490:   0000000000000001 00007f6a3833c0d6
0x00007f6a38dfb4a0:   00007f6a24002fd0 00007f6a383c798a
0x00007f6a38dfb4b0:   00007f6a2c059ef0 00007f6a24002fd0
0x00007f6a38dfb4c0:   0000000000000000 00007f6a383c7b52
0x00007f6a38dfb4d0:   0000000000000000 00007f6a941cb1e0
0x00007f6a38dfb4e0:   0000000000000000 00007f6a24002fd0
0x00007f6a38dfb4f0:   00007f6a38dfb5c8 00007f6a941cb000
0x00007f6a38dfb500:   00007f6a38dfb5c8 00007f6a389963e5
0x00007f6a38dfb510:   00007f6a9a031c20 00007f6a38dfb598
0x00007f6a38dfb520:   0000000000000000 00007f6a9a031c20
0x00007f6a38dfb530:   00007f6a38dfb5c8 00007f6a85018407
0x00007f6a38dfb540:   0000000000000000 00007f6a38dfb5b0
0x00007f6a38dfb550:   00007f6a9a075ba8 00007f6a38dfb558
0x00007f6a38dfb560:   0000000000000000 00007f6a38dfb5c8
0x00007f6a38dfb570:   00007f6a9a037670 0000000000000000 

Instructions: (pc=0x00007f6a9c2f58d8)
0x00007f6a9c2f58b8:   b8 fe ff ff 18 00 00 00 48 89 85 c0 fe ff ff 48
0x00007f6a9c2f58c8:   8d 85 20 ff ff ff 4c 89 e7 48 89 85 c8 fe ff ff
0x00007f6a9c2f58d8:   49 8b 06 c7 85 bc fe ff ff 30 00 00 00 c7 85 80
0x00007f6a9c2f58e8:   fe ff ff 0e 00 00 00 48 8b 40 08 0f b7 50 24 48 

Register to memory mapping:

RAX=0x00007f6a38dfb420 is pointing into the stack for thread: 0x00007f6a941cb000
RBX=0x00007f6a941cb000 is a thread
RCX=0x0000000000000000 is an unknown value
RDX=0x00007f6a9c95ef38: <offset 0xcd1f38> in /usr/lib/jvm/java-8-openjdk/jre/lib/amd64/server/libjvm.so at 0x00007f6a9bc8d000
RSP=0x00007f6a38dfb380 is pointing into the stack for thread: 0x00007f6a941cb000
RBP=0x00007f6a38dfb500 is pointing into the stack for thread: 0x00007f6a941cb000
RSI=0x00007f6a38dfb5c8 is pointing into the stack for thread: 0x00007f6a941cb000
RDI=0x00007f6a38dfb3d0 is pointing into the stack for thread: 0x00007f6a941cb000
R8 =0x00007f6a9c936960: <offset 0xca9960> in /usr/lib/jvm/java-8-openjdk/jre/lib/amd64/server/libjvm.so at 0x00007f6a9bc8d000
R9 =0xffffffffffffffff is an unknown value
R10=0xfffffffffffff57d is an unknown value
R11=0x00007f6a38314918: DDS_OctetSeq_get_length+0 in /home/stacy/rti_connext_dds-5.3.1/lib/x64Linux3gcc5.4.0/libnddsc.so at 0x00007f6a381ca000
R12=0x00007f6a38dfb3d0 is pointing into the stack for thread: 0x00007f6a941cb000
R13=0x00007f6a941cb1e0 is an unknown value
R14=0x0000000000000000 is an unknown value
R15=0x00007f6a38dfb5c8 is pointing into the stack for thread: 0x00007f6a941cb000


Stack: [0x00007f6a38cfc000,0x00007f6a38dfd000],  sp=0x00007f6a38dfb380,  free space=1020k
Native frames: (J=compiled Java code, j=interpreted, Vv=VM code, C=native code)
V  [libjvm.so+0x6688d8]
C  [libnddsjava.so+0x5b3e5]  Java_com_rti_dds_infrastructure_ByteSeq_pull_1bytes_1from_1nativeI+0x45
C  0x00007f6a38dfb5d0

Java frames: (J=compiled Java code, j=interpreted, Vv=VM code)
j  com.rti.dds.infrastructure.ByteSeq.pull_bytes_from_nativeI(J)I+0
j  com.rti.dds.infrastructure.UserDataQosPolicy.pull_from_nativeI(J)V+5
j  com.rti.dds.domain.DomainParticipantQos.pull_from_nativeI(J)V+8
j  com.rti.dds.infrastructure.NativeStructMixin.get_untypedI(Lcom/rti/dds/infrastructure/Struct;)V+42
j  com.rti.dds.domain.DomainParticipantFactoryImpl.get_default_participant_qos(Lcom/rti/dds/domain/DomainParticipantQos;)V+17
j  com.rti.dds.domain.DomainParticipantFactoryImpl.create_participant(ILcom/rti/dds/domain/DomainParticipantQos;Lcom/rti/dds/domain/DomainParticipantListener;I)Lcom/rti/dds/domain/DomainParticipant;+114
j  AccidentPublisher.publisherMain(IILRoute;LBus;)V+48
j  AccidentPublisher.run()V+25
j  java.lang.Thread.run()V+11
v  ~StubRoutines::call_stub

---------------  P R O C E S S  ---------------

Java Threads: ( => current thread )
  0x00007f6978001000 JavaThread "Thread-46" [_thread_in_native, id=14045, stack(0x00007f698a7fe000,0x00007f698affe000)]
  0x00007f6968001000 JavaThread "Thread-45" [_thread_in_native, id=14047, stack(0x00007f6989ffd000,0x00007f698a7fd000)]
  0x00005612817f0800 JavaThread "Thread-39" [_thread_in_native, id=14048, stack(0x00007f69897fc000,0x00007f6989ffc000)]
  0x00007f696c001000 JavaThread "Thread-42" [_thread_in_native, id=14046, stack(0x00007f698afff000,0x00007f698b7ff000)]
  0x00007f6978003000 JavaThread "Thread-44" [_thread_in_native, id=14051, stack(0x00007f6973800000,0x00007f6974000000)]
  0x00007f6968003000 JavaThread "Thread-47" [_thread_in_native, id=14050, stack(0x00007f69887fa000,0x00007f6988ffa000)]
  0x00007f6974003000 JavaThread "Thread-37" [_thread_in_native, id=14052, stack(0x00007f69727fe000,0x00007f6972ffe000)]
  0x00007f6980003000 JavaThread "Thread-40" [_thread_in_native, id=14053, stack(0x00007f6972fff000,0x00007f69737ff000)]
  0x00007f697c003000 JavaThread "Thread-38" [_thread_in_native, id=14054, stack(0x00007f6971ffd000,0x00007f69727fd000)]
  0x00007f6984003800 JavaThread "Thread-33" [_thread_in_native, id=14056, stack(0x00007f6970ffb000,0x00007f69717fb000)]
  0x00007f6990003000 JavaThread "Thread-32" [_thread_in_native, id=14055, stack(0x00007f69717fc000,0x00007f6971ffc000)]
  0x00007f698c003000 JavaThread "Thread-43" [_thread_in_native, id=14057, stack(0x00007f69707fa000,0x00007f6970ffa000)]
  0x00007f6998003000 JavaThread "Thread-31" [_thread_in_native, id=14049, stack(0x00007f6988ffb000,0x00007f69897fb000)]
  0x00007f6974001000 JavaThread "Thread-30" [_thread_in_native, id=14044, stack(0x00007f698b800000,0x00007f698c000000)]
  0x00007f6980001000 JavaThread "Thread-41" [_thread_in_native, id=14043, stack(0x00007f69a87fa000,0x00007f69a8ffa000)]
  0x00007f697c001000 JavaThread "Thread-34" [_thread_in_native, id=14042, stack(0x00007f69a8ffb000,0x00007f69a97fb000)]
  0x00007f6984001000 JavaThread "Thread-29" [_thread_in_native, id=14041, stack(0x00007f69a97fc000,0x00007f69a9ffc000)]
  0x00007f6990001000 JavaThread "Thread-36" [_thread_in_native, id=14039, stack(0x00007f69aa7fe000,0x00007f69aaffe000)]
  0x00007f698c001000 JavaThread "Thread-35" [_thread_in_native, id=14040, stack(0x00007f69a9ffd000,0x00007f69aa7fd000)]
  0x00007f6998001000 JavaThread "Thread-28" [_thread_in_native, id=14038, stack(0x00007f69aafff000,0x00007f69ab7ff000)]
  0x00007f6994001000 JavaThread "Thread-27" [_thread_in_native, id=14037, stack(0x00007f69ab800000,0x00007f69ac000000)]
  0x00007f69a4001000 JavaThread "Thread-26" [_thread_in_native, id=14034, stack(0x00007f69d17fc000,0x00007f69d1ffc000)]
  0x00007f699c001000 JavaThread "Thread-24" [_thread_in_native, id=14035, stack(0x00007f69d0ffb000,0x00007f69d17fb000)]
  0x00007f69a0001000 JavaThread "Thread-22" [_thread_in_native, id=14036, stack(0x00007f69d07fa000,0x00007f69d0ffa000)]
  0x00007f69ac001000 JavaThread "Thread-25" [_thread_in_native, id=14033, stack(0x00007f69d1ffd000,0x00007f69d27fd000)]
  0x00007f69b4001000 JavaThread "Thread-23" [_thread_in_native, id=14032, stack(0x00007f69d27fe000,0x00007f69d2ffe000)]
  0x00007f69b0001000 JavaThread "Thread-20" [_thread_in_native, id=14031, stack(0x00007f69d2fff000,0x00007f69d37ff000)]
  0x00007f69b8001000 JavaThread "Thread-19" [_thread_in_native, id=14030, stack(0x00007f69d3800000,0x00007f69d4000000)]
  0x00007f69cc001000 JavaThread "Thread-18" [_thread_in_native, id=14025, stack(0x00007f69e27fe000,0x00007f69e2ffe000)]
  0x00007f69c8001000 JavaThread "Thread-21" [_thread_in_native, id=14026, stack(0x00007f69e17fc000,0x00007f69e1ffc000)]
  0x00007f69e8001000 JavaThread "Thread-17" [_thread_in_native, id=14021, stack(0x00007f6a117fc000,0x00007f6a11ffc000)]
  0x00007f69e4001000 JavaThread "Thread-16" [_thread_in_native, id=14020, stack(0x00007f6a11ffd000,0x00007f6a127fd000)]
  0x00007f69ec001000 JavaThread "Thread-14" [_thread_in_native, id=14019, stack(0x00007f6a127fe000,0x00007f6a12ffe000)]
  0x00007f69f4001000 JavaThread "Thread-15" [_thread_in_native, id=14018, stack(0x00007f6a12fff000,0x00007f6a137ff000)]
  0x00007f69f0001000 JavaThread "Thread-13" [_thread_in_native, id=14017, stack(0x00007f6a13800000,0x00007f6a14000000)]
  0x00007f69fc001000 JavaThread "Thread-12" [_thread_in_native, id=14016, stack(0x00007f6a1c031000,0x00007f6a1c831000)]
  0x00007f69f8001000 JavaThread "Thread-11" [_thread_in_native, id=14015, stack(0x00007f6a1c832000,0x00007f6a1d032000)]
  0x00007f6a04001000 JavaThread "Thread-9" [_thread_in_native, id=14014, stack(0x00007f6a1d033000,0x00007f6a1d833000)]
  0x00007f6a00001000 JavaThread "Thread-10" [_thread_in_native, id=14013, stack(0x00007f6a1d834000,0x00007f6a1e034000)]
  0x00007f6a0c001000 JavaThread "Thread-7" [_thread_in_native, id=14011, stack(0x00007f6a1e836000,0x00007f6a1f036000)]
  0x00007f6a08001000 JavaThread "Thread-8" [_thread_in_native, id=14012, stack(0x00007f6a1e035000,0x00007f6a1e835000)]
  0x00007f6a14001000 JavaThread "Thread-6" [_thread_in_native, id=14010, stack(0x00007f6a1f037000,0x00007f6a1f837000)]
  0x00007f6a9400a800 JavaThread "DestroyJavaVM" [_thread_blocked, id=13985, stack(0x00007f6a9ba08000,0x00007f6a9bb08000)]
  0x00007f6a941cc800 JavaThread "Thread-5" [_thread_in_Java, id=14009, stack(0x00007f6a38bfb000,0x00007f6a38cfc000)]
=>0x00007f6a941cb000 JavaThread "Thread-4" [_thread_in_vm, id=14008, stack(0x00007f6a38cfc000,0x00007f6a38dfd000)]
  0x00007f6a941c9800 JavaThread "Thread-3" [_thread_in_vm, id=14007, stack(0x00007f6a38dfd000,0x00007f6a38efe000)]
  0x00007f6a94187800 JavaThread "Thread-2" [_thread_in_Java, id=14006, stack(0x00007f6a38efe000,0x00007f6a38fff000)]
  0x00007f6a94186000 JavaThread "Thread-1" [_thread_in_vm, id=14005, stack(0x00007f6a6c037000,0x00007f6a6c138000)]
  0x00007f6a94185000 JavaThread "Thread-0" [_thread_in_native, id=14004, stack(0x00007f6a6c138000,0x00007f6a6c239000)]
  0x00007f6a940d2800 JavaThread "Service Thread" daemon [_thread_blocked, id=14002, stack(0x00007f6a8400e000,0x00007f6a8410f000)]
  0x00007f6a940c7000 JavaThread "C1 CompilerThread3" daemon [_thread_blocked, id=14001, stack(0x00007f6a84110000,0x00007f6a84210000)]
  0x00007f6a940c5000 JavaThread "C2 CompilerThread2" daemon [_thread_blocked, id=14000, stack(0x00007f6a84211000,0x00007f6a84311000)]
  0x00007f6a940c3800 JavaThread "C2 CompilerThread1" daemon [_thread_blocked, id=13999, stack(0x00007f6a84312000,0x00007f6a84412000)]
  0x00007f6a940c0800 JavaThread "C2 CompilerThread0" daemon [_thread_blocked, id=13998, stack(0x00007f6a84413000,0x00007f6a84513000)]
  0x00007f6a940bf000 JavaThread "Signal Dispatcher" daemon [_thread_blocked, id=13997, stack(0x00007f6a84513000,0x00007f6a84614000)]
  0x00007f6a9408c000 JavaThread "Finalizer" daemon [_thread_blocked, id=13996, stack(0x00007f6a848f9000,0x00007f6a849fa000)]
  0x00007f6a94089800 JavaThread "Reference Handler" daemon [_thread_blocked, id=13995, stack(0x00007f6a849fa000,0x00007f6a84afb000)]

Other Threads:
  0x00007f6a94080000 VMThread [stack: 0x00007f6a84afc000,0x00007f6a84bfc000] [id=13994]
  0x00007f6a940d5000 WatcherThread [stack: 0x00007f6a6c2d0000,0x00007f6a6c3d0000] [id=14003]

VM state:not at safepoint (normal execution)

VM Mutex/Monitor currently owned by a thread: None

heap address: 0x0000000087a00000, size: 1926 MB, Compressed Oops mode: 32-bit
Narrow klass base: 0x0000000000000000, Narrow klass shift: 3
Compressed class space size: 1073741824 Address: 0x0000000100000000

Heap:
 PSYoungGen      total 36352K, used 13608K [0x00000000d7e00000, 0x00000000dc500000, 0x0000000100000000)
  eden space 31232K, 27% used [0x00000000d7e00000,0x00000000d864bb00,0x00000000d9c80000)
  from space 5120K, 99% used [0x00000000d9c80000,0x00000000da17e598,0x00000000da180000)
  to   space 5120K, 0% used [0x00000000dc000000,0x00000000dc000000,0x00000000dc500000)
 ParOldGen       total 83456K, used 556K [0x0000000087a00000, 0x000000008cb80000, 0x00000000d7e00000)
  object space 83456K, 0% used [0x0000000087a00000,0x0000000087a8b1e8,0x000000008cb80000)
 Metaspace       used 6388K, capacity 6524K, committed 6784K, reserved 1056768K
  class space    used 736K, capacity 792K, committed 896K, reserved 1048576K

Card table byte_map: [0x00007f6a9b249000,0x00007f6a9b60d000] byte_map_base: 0x00007f6a9ae0c000

Marking Bits: (ParMarkBitMap*) 0x00007f6a9c962c80
 Begin Bits: [0x00007f6a6c3d0000, 0x00007f6a6e1e8000)
 End Bits:   [0x00007f6a6e1e8000, 0x00007f6a70000000)

Polling page: 0x00007f6a9cdac000

CodeCache: size=245760Kb used=2022Kb max_used=2028Kb free=243737Kb
 bounds [0x00007f6a85000000, 0x00007f6a85270000, 0x00007f6a94000000]
 total_blobs=721 nmethods=363 adapters=273
 compilation: enabled

Compilation events (10 events):
Event: 0.451 Thread 0x00007f6a940c7000  355   !   3       java.lang.ref.ReferenceQueue::remove (125 bytes)
Event: 0.451 Thread 0x00007f6a940c5000 nmethod 359 0x00007f6a851f5250 code [0x00007f6a851f53a0, 0x00007f6a851f5498]
Event: 0.452 Thread 0x00007f6a940c7000 nmethod 355 0x00007f6a851f4350 code [0x00007f6a851f4540, 0x00007f6a851f4df8]
Event: 0.452 Thread 0x00007f6a940c7000  356       3       java.lang.ref.Finalizer::access$100 (6 bytes)
Event: 0.452 Thread 0x00007f6a940c7000 nmethod 356 0x00007f6a851fb3d0 code [0x00007f6a851fb540, 0x00007f6a851fb6a8]
Event: 0.457 Thread 0x00007f6a940c0800  360       4       com.rti.dds.infrastructure.SequenceNumber_t::<init> (42 bytes)
Event: 0.458 Thread 0x00007f6a940c0800 nmethod 360 0x00007f6a851f9bd0 code [0x00007f6a851f9d20, 0x00007f6a851f9e18]
Event: 0.462 Thread 0x00007f6a940c7000  361       3       com.rti.dds.infrastructure.Duration_t::<init> (15 bytes)
Event: 0.462 Thread 0x00007f6a940c7000 nmethod 361 0x00007f6a851f9750 code [0x00007f6a851f98c0, 0x00007f6a851f9ad0]
Event: 0.462 Thread 0x00007f6a940c7000  362       3       com.rti.dds.infrastructure.Duration_t::<init> (7 bytes)

GC Heap History (2 events):
Event: 0.429 GC heap before
{Heap before GC invocations=1 (full 0):
 PSYoungGen      total 36352K, used 31232K [0x00000000d7e00000, 0x00000000da680000, 0x0000000100000000)
  eden space 31232K, 100% used [0x00000000d7e00000,0x00000000d9c80000,0x00000000d9c80000)
  from space 5120K, 0% used [0x00000000da180000,0x00000000da180000,0x00000000da680000)
  to   space 5120K, 0% used [0x00000000d9c80000,0x00000000d9c80000,0x00000000da180000)
 ParOldGen       total 83456K, used 0K [0x0000000087a00000, 0x000000008cb80000, 0x00000000d7e00000)
  object space 83456K, 0% used [0x0000000087a00000,0x0000000087a00000,0x000000008cb80000)
 Metaspace       used 6351K, capacity 6524K, committed 6784K, reserved 1056768K
  class space    used 735K, capacity 792K, committed 896K, reserved 1048576K
Event: 0.444 GC heap after
Heap after GC invocations=1 (full 0):
 PSYoungGen      total 36352K, used 5113K [0x00000000d7e00000, 0x00000000dc500000, 0x0000000100000000)
  eden space 31232K, 0% used [0x00000000d7e00000,0x00000000d7e00000,0x00000000d9c80000)
  from space 5120K, 99% used [0x00000000d9c80000,0x00000000da17e598,0x00000000da180000)
  to   space 5120K, 0% used [0x00000000dc000000,0x00000000dc000000,0x00000000dc500000)
 ParOldGen       total 83456K, used 556K [0x0000000087a00000, 0x000000008cb80000, 0x00000000d7e00000)
  object space 83456K, 0% used [0x0000000087a00000,0x0000000087a8b1e8,0x000000008cb80000)
 Metaspace       used 6351K, capacity 6524K, committed 6784K, reserved 1056768K
  class space    used 735K, capacity 792K, committed 896K, reserved 1048576K
}

Deoptimization events (0 events):
No events

Classes redefined (0 events):
No events

Internal exceptions (8 events):
Event: 0.052 Thread 0x00007f6a9400a800 Exception <a 'java/lang/NoSuchMethodError': Method sun.misc.Unsafe.defineClass(Ljava/lang/String;[BII)Ljava/lang/Class; name or signature does not match> (0x00000000d7e07cb0) thrown at [/build/java8-openjdk/src/jdk8u-jdk8u212-b01/hotspot/src/share/vm/prim
Event: 0.052 Thread 0x00007f6a9400a800 Exception <a 'java/lang/NoSuchMethodError': Method sun.misc.Unsafe.prefetchRead(Ljava/lang/Object;J)V name or signature does not match> (0x00000000d7e07f98) thrown at [/build/java8-openjdk/src/jdk8u-jdk8u212-b01/hotspot/src/share/vm/prims/jni.cpp, line 40
Event: 0.128 Thread 0x00007f6a9400a800 Exception <a 'java/security/PrivilegedActionException'> (0x00000000d7f3b788) thrown at [/build/java8-openjdk/src/jdk8u-jdk8u212-b01/hotspot/src/share/vm/prims/jvm.cpp, line 1502]
Event: 0.128 Thread 0x00007f6a9400a800 Exception <a 'java/security/PrivilegedActionException'> (0x00000000d7f3bb80) thrown at [/build/java8-openjdk/src/jdk8u-jdk8u212-b01/hotspot/src/share/vm/prims/jvm.cpp, line 1502]
Event: 0.128 Thread 0x00007f6a9400a800 Exception <a 'java/security/PrivilegedActionException'> (0x00000000d7f3dc08) thrown at [/build/java8-openjdk/src/jdk8u-jdk8u212-b01/hotspot/src/share/vm/prims/jvm.cpp, line 1502]
Event: 0.128 Thread 0x00007f6a9400a800 Exception <a 'java/security/PrivilegedActionException'> (0x00000000d7f3e000) thrown at [/build/java8-openjdk/src/jdk8u-jdk8u212-b01/hotspot/src/share/vm/prims/jvm.cpp, line 1502]
Event: 0.128 Thread 0x00007f6a9400a800 Exception <a 'java/security/PrivilegedActionException'> (0x00000000d7f3ec48) thrown at [/build/java8-openjdk/src/jdk8u-jdk8u212-b01/hotspot/src/share/vm/prims/jvm.cpp, line 1502]
Event: 0.128 Thread 0x00007f6a9400a800 Exception <a 'java/security/PrivilegedActionException'> (0x00000000d7f3f040) thrown at [/build/java8-openjdk/src/jdk8u-jdk8u212-b01/hotspot/src/share/vm/prims/jvm.cpp, line 1502]

Events (10 events):
Event: 0.447 Thread 0x00007f6984003800 Thread added: 0x00007f6984003800
Event: 0.447 Thread 0x00007f697c003000 Thread added: 0x00007f697c003000
Event: 0.448 Thread 0x00007f6980003000 Thread added: 0x00007f6980003000
Event: 0.448 Thread 0x00007f6974003000 Thread added: 0x00007f6974003000
Event: 0.448 Thread 0x00007f6968003000 Thread added: 0x00007f6968003000
Event: 0.448 Thread 0x00007f6978003000 Thread added: 0x00007f6978003000
Event: 0.448 Thread 0x00007f696c001000 Thread added: 0x00007f696c001000
Event: 0.448 Thread 0x00005612817f0800 Thread added: 0x00005612817f0800
Event: 0.448 Thread 0x00007f6968001000 Thread added: 0x00007f6968001000
Event: 0.448 Thread 0x00007f6978001000 Thread added: 0x00007f6978001000


Dynamic libraries:
87a00000-8cb80000 rw-p 00000000 00:00 0 
8cb80000-d7e00000 ---p 00000000 00:00 0 
d7e00000-dc500000 rw-p 00000000 00:00 0 
dc500000-100000000 ---p 00000000 00:00 0 
100000000-1000e0000 rw-p 00000000 00:00 0 
1000e0000-140000000 ---p 00000000 00:00 0 
56128079d000-56128079e000 r--p 00000000 103:02 14690438                  /usr/lib/jvm/java-8-openjdk/jre/bin/java
56128079e000-56128079f000 r-xp 00001000 103:02 14690438                  /usr/lib/jvm/java-8-openjdk/jre/bin/java
56128079f000-5612807a0000 r--p 00002000 103:02 14690438                  /usr/lib/jvm/java-8-openjdk/jre/bin/java
5612807a0000-5612807a1000 r--p 00002000 103:02 14690438                  /usr/lib/jvm/java-8-openjdk/jre/bin/java
5612807a1000-5612807a2000 rw-p 00003000 103:02 14690438                  /usr/lib/jvm/java-8-openjdk/jre/bin/java
5612817dc000-5612817fd000 rw-p 00000000 00:00 0                          [heap]
7f69669cd000-7f6966ade000 rw-s 00000000 00:05 8650767                    /SYSV00401cfc (deleted)
7f6966ade000-7f6966bef000 rw-s 00000000 00:05 8617998                    /SYSV00401cfe (deleted)
7f6966bef000-7f6966d00000 rw-s 00000000 00:05 8650767                    /SYSV00401cfc (deleted)
7f6966d00000-7f6966e11000 rw-s 00000000 00:05 8617998                    /SYSV00401cfe (deleted)
7f6966e11000-7f6966f22000 rw-s 00000000 00:05 8650767                    /SYSV00401cfc (deleted)
7f6966f22000-7f6967033000 rw-s 00000000 00:05 8617998                    /SYSV00401cfe (deleted)
7f6967033000-7f6967144000 rw-s 00000000 00:05 8650767                    /SYSV00401cfc (deleted)
7f6967144000-7f6967778000 rw-p 00000000 00:00 0 
7f6967778000-7f6967889000 rw-s 00000000 00:05 21102597                   /SYSV00401cf2 (deleted)
7f6967889000-7f696799a000 rw-s 00000000 00:05 8060937                    /SYSV00401cf4 (deleted)
7f696799a000-7f6967aab000 rw-s 00000000 00:05 20873228                   /SYSV00401cf6 (deleted)
7f6967aab000-7f6967bbc000 rw-s 00000000 00:05 21168139                   /SYSV00401cf8 (deleted)
7f6967bbc000-7f6967ccd000 rw-s 00000000 00:05 21102597                   /SYSV00401cf2 (deleted)
7f6967ccd000-7f6967dde000 rw-s 00000000 00:05 8060937                    /SYSV00401cf4 (deleted)
7f6967dde000-7f6967eef000 rw-s 00000000 00:05 20873228                   /SYSV00401cf6 (deleted)
7f6967eef000-7f6968000000 rw-s 00000000 00:05 8585229                    /SYSV00401cfa (deleted)
7f6968000000-7f6968021000 rw-p 00000000 00:00 0 
7f6968021000-7f696c000000 ---p 00000000 00:00 0 
7f696c000000-7f696c021000 rw-p 00000000 00:00 0 
7f696c021000-7f6970000000 ---p 00000000 00:00 0 
7f6970082000-7f6970193000 rw-s 00000000 00:05 21102597                   /SYSV00401cf2 (deleted)
7f6970193000-7f69702a4000 rw-s 00000000 00:05 8060937                    /SYSV00401cf4 (deleted)
7f69702a4000-7f69703b5000 rw-s 00000000 00:05 20873228                   /SYSV00401cf6 (deleted)
7f69703b5000-7f69704c6000 rw-s 00000000 00:05 21168139                   /SYSV00401cf8 (deleted)
7f69704c6000-7f69705d7000 rw-s 00000000 00:05 21102597                   /SYSV00401cf2 (deleted)
7f69705d7000-7f69706e8000 rw-s 00000000 00:05 8585229                    /SYSV00401cfa (deleted)
7f69706e8000-7f69707f9000 rw-s 00000000 00:05 8060937                    /SYSV00401cf4 (deleted)
7f69707f9000-7f69707fa000 ---p 00000000 00:00 0 
7f69707fa000-7f69707fd000 ---p 00000000 00:00 0 
7f69707fd000-7f6970ffa000 rw-p 00000000 00:00 0 
7f6970ffa000-7f6970ffb000 ---p 00000000 00:00 0 
7f6970ffb000-7f6970ffe000 ---p 00000000 00:00 0 
7f6970ffe000-7f69717fb000 rw-p 00000000 00:00 0 
7f69717fb000-7f69717fc000 ---p 00000000 00:00 0 
7f69717fc000-7f69717ff000 ---p 00000000 00:00 0 
7f69717ff000-7f6971ffc000 rw-p 00000000 00:00 0 
7f6971ffc000-7f6971ffd000 ---p 00000000 00:00 0 
7f6971ffd000-7f6972000000 ---p 00000000 00:00 0 
7f6972000000-7f69727fd000 rw-p 00000000 00:00 0 
7f69727fd000-7f69727fe000 ---p 00000000 00:00 0 
7f69727fe000-7f6972801000 ---p 00000000 00:00 0 
7f6972801000-7f6972ffe000 rw-p 00000000 00:00 0 
7f6972ffe000-7f6972fff000 ---p 00000000 00:00 0 
7f6972fff000-7f6973002000 ---p 00000000 00:00 0 
7f6973002000-7f69737ff000 rw-p 00000000 00:00 0 
7f69737ff000-7f6973800000 ---p 00000000 00:00 0 
7f6973800000-7f6973803000 ---p 00000000 00:00 0 
7f6973803000-7f6974000000 rw-p 00000000 00:00 0 
7f6974000000-7f6974021000 rw-p 00000000 00:00 0 
7f6974021000-7f6978000000 ---p 00000000 00:00 0 
7f6978000000-7f6978021000 rw-p 00000000 00:00 0 
7f6978021000-7f697c000000 ---p 00000000 00:00 0 
7f697c000000-7f697c021000 rw-p 00000000 00:00 0 
7f697c021000-7f6980000000 ---p 00000000 00:00 0 
7f6980000000-7f6980021000 rw-p 00000000 00:00 0 
7f6980021000-7f6984000000 ---p 00000000 00:00 0 
7f6984000000-7f6984021000 rw-p 00000000 00:00 0 
7f6984021000-7f6988000000 ---p 00000000 00:00 0 
7f6988082000-7f6988193000 rw-s 00000000 00:05 20873228                   /SYSV00401cf6 (deleted)
7f6988193000-7f69882a4000 rw-s 00000000 00:05 21168139                   /SYSV00401cf8 (deleted)
7f69882a4000-7f69883b5000 rw-s 00000000 00:05 8585229                    /SYSV00401cfa (deleted)
7f69883b5000-7f69884c6000 rw-s 00000000 00:05 21102597                   /SYSV00401cf2 (deleted)
7f69884c6000-7f69885d7000 rw-s 00000000 00:05 20873228                   /SYSV00401cf6 (deleted)
7f69885d7000-7f69886e8000 rw-s 00000000 00:05 21102597                   /SYSV00401cf2 (deleted)
7f69886e8000-7f69887f9000 rw-s 00000000 00:05 21168139                   /SYSV00401cf8 (deleted)
7f69887f9000-7f69887fa000 ---p 00000000 00:00 0 
7f69887fa000-7f69887fd000 ---p 00000000 00:00 0 
7f69887fd000-7f6988ffa000 rw-p 00000000 00:00 0 
7f6988ffa000-7f6988ffb000 ---p 00000000 00:00 0 
7f6988ffb000-7f6988ffe000 ---p 00000000 00:00 0 
7f6988ffe000-7f69897fb000 rw-p 00000000 00:00 0 
7f69897fb000-7f69897fc000 ---p 00000000 00:00 0 
7f69897fc000-7f69897ff000 ---p 00000000 00:00 0 
7f69897ff000-7f6989ffc000 rw-p 00000000 00:00 0 
7f6989ffc000-7f6989ffd000 ---p 00000000 00:00 0 
7f6989ffd000-7f698a000000 ---p 00000000 00:00 0 
7f698a000000-7f698a7fd000 rw-p 00000000 00:00 0 
7f698a7fd000-7f698a7fe000 ---p 00000000 00:00 0 
7f698a7fe000-7f698a801000 ---p 00000000 00:00 0 
7f698a801000-7f698affe000 rw-p 00000000 00:00 0 
7f698affe000-7f698afff000 ---p 00000000 00:00 0 
7f698afff000-7f698b002000 ---p 00000000 00:00 0 
7f698b002000-7f698b7ff000 rw-p 00000000 00:00 0 
7f698b7ff000-7f698b800000 ---p 00000000 00:00 0 
7f698b800000-7f698b803000 ---p 00000000 00:00 0 
7f698b803000-7f698c000000 rw-p 00000000 00:00 0 
7f698c000000-7f698c021000 rw-p 00000000 00:00 0 
7f698c021000-7f6990000000 ---p 00000000 00:00 0 
7f6990000000-7f6990021000 rw-p 00000000 00:00 0 
7f6990021000-7f6994000000 ---p 00000000 00:00 0 
7f6994000000-7f6994021000 rw-p 00000000 00:00 0 
7f6994021000-7f6998000000 ---p 00000000 00:00 0 
7f6998000000-7f6998021000 rw-p 00000000 00:00 0 
7f6998021000-7f699c000000 ---p 00000000 00:00 0 
7f699c000000-7f699c021000 rw-p 00000000 00:00 0 
7f699c021000-7f69a0000000 ---p 00000000 00:00 0 
7f69a0000000-7f69a0021000 rw-p 00000000 00:00 0 
7f69a0021000-7f69a4000000 ---p 00000000 00:00 0 
7f69a4000000-7f69a4021000 rw-p 00000000 00:00 0 
7f69a4021000-7f69a8000000 ---p 00000000 00:00 0 
7f69a8082000-7f69a8193000 rw-s 00000000 00:05 8060937                    /SYSV00401cf4 (deleted)
7f69a8193000-7f69a82a4000 rw-s 00000000 00:05 20873228                   /SYSV00401cf6 (deleted)
7f69a82a4000-7f69a83b5000 rw-s 00000000 00:05 8585229                    /SYSV00401cfa (deleted)
7f69a83b5000-7f69a84c6000 rw-s 00000000 00:05 21168139                   /SYSV00401cf8 (deleted)
7f69a84c6000-7f69a85d7000 rw-s 00000000 00:05 8585229                    /SYSV00401cfa (deleted)
7f69a85d7000-7f69a86e8000 rw-s 00000000 00:05 21168139                   /SYSV00401cf8 (deleted)
7f69a86e8000-7f69a87f9000 rw-s 00000000 00:05 8617998                    /SYSV00401cfe (deleted)
7f69a87f9000-7f69a87fa000 ---p 00000000 00:00 0 
7f69a87fa000-7f69a87fd000 ---p 00000000 00:00 0 
7f69a87fd000-7f69a8ffa000 rw-p 00000000 00:00 0 
7f69a8ffa000-7f69a8ffb000 ---p 00000000 00:00 0 
7f69a8ffb000-7f69a8ffe000 ---p 00000000 00:00 0 
7f69a8ffe000-7f69a97fb000 rw-p 00000000 00:00 0 
7f69a97fb000-7f69a97fc000 ---p 00000000 00:00 0 
7f69a97fc000-7f69a97ff000 ---p 00000000 00:00 0 
7f69a97ff000-7f69a9ffc000 rw-p 00000000 00:00 0 
7f69a9ffc000-7f69a9ffd000 ---p 00000000 00:00 0 
7f69a9ffd000-7f69aa000000 ---p 00000000 00:00 0 
7f69aa000000-7f69aa7fd000 rw-p 00000000 00:00 0 
7f69aa7fd000-7f69aa7fe000 ---p 00000000 00:00 0 
7f69aa7fe000-7f69aa801000 ---p 00000000 00:00 0 
7f69aa801000-7f69aaffe000 rw-p 00000000 00:00 0 
7f69aaffe000-7f69aafff000 ---p 00000000 00:00 0 
7f69aafff000-7f69ab002000 ---p 00000000 00:00 0 
7f69ab002000-7f69ab7ff000 rw-p 00000000 00:00 0 
7f69ab7ff000-7f69ab800000 ---p 00000000 00:00 0 
7f69ab800000-7f69ab803000 ---p 00000000 00:00 0 
7f69ab803000-7f69ac000000 rw-p 00000000 00:00 0 
7f69ac000000-7f69ac021000 rw-p 00000000 00:00 0 
7f69ac021000-7f69b0000000 ---p 00000000 00:00 0 
7f69b0000000-7f69b0021000 rw-p 00000000 00:00 0 
7f69b0021000-7f69b4000000 ---p 00000000 00:00 0 
7f69b4000000-7f69b4021000 rw-p 00000000 00:00 0 
7f69b4021000-7f69b8000000 ---p 00000000 00:00 0 
7f69b8000000-7f69b8021000 rw-p 00000000 00:00 0 
7f69b8021000-7f69bc000000 ---p 00000000 00:00 0 
7f69bc000000-7f69bc021000 rw-p 00000000 00:00 0 
7f69bc021000-7f69c0000000 ---p 00000000 00:00 0 
7f69c0000000-7f69c0021000 rw-p 00000000 00:00 0 
7f69c0021000-7f69c4000000 ---p 00000000 00:00 0 
7f69c4000000-7f69c4021000 rw-p 00000000 00:00 0 
7f69c4021000-7f69c8000000 ---p 00000000 00:00 0 
7f69c8000000-7f69c8021000 rw-p 00000000 00:00 0 
7f69c8021000-7f69cc000000 ---p 00000000 00:00 0 
7f69cc000000-7f69cc021000 rw-p 00000000 00:00 0 
7f69cc021000-7f69d0000000 ---p 00000000 00:00 0 
7f69d0082000-7f69d0193000 rw-s 00000000 00:05 8585229                    /SYSV00401cfa (deleted)
7f69d0193000-7f69d02a4000 rw-s 00000000 00:05 8650767                    /SYSV00401cfc (deleted)
7f69d02a4000-7f69d03b5000 rw-s 00000000 00:05 8060937                    /SYSV00401cf4 (deleted)
7f69d03b5000-7f69d04c6000 rw-s 00000000 00:05 8814612                    /SYSV00401cfd (deleted)
7f69d04c6000-7f69d05d7000 rw-s 00000000 00:05 8749074                    /SYSV00401cff (deleted)
7f69d05d7000-7f69d06e8000 rw-s 00000000 00:05 21200913                   /SYSV00401cf9 (deleted)
7f69d06e8000-7f69d07f9000 rw-s 00000000 00:05 8781843                    /SYSV00401cfb (deleted)
7f69d07f9000-7f69d07fa000 ---p 00000000 00:00 0 
7f69d07fa000-7f69d07fd000 ---p 00000000 00:00 0 
7f69d07fd000-7f69d0ffa000 rw-p 00000000 00:00 0 
7f69d0ffa000-7f69d0ffb000 ---p 00000000 00:00 0 
7f69d0ffb000-7f69d0ffe000 ---p 00000000 00:00 0 
7f69d0ffe000-7f69d17fb000 rw-p 00000000 00:00 0 
7f69d17fb000-7f69d17fc000 ---p 00000000 00:00 0 
7f69d17fc000-7f69d17ff000 ---p 00000000 00:00 0 
7f69d17ff000-7f69d1ffc000 rw-p 00000000 00:00 0 
7f69d1ffc000-7f69d1ffd000 ---p 00000000 00:00 0 
7f69d1ffd000-7f69d2000000 ---p 00000000 00:00 0 
7f69d2000000-7f69d27fd000 rw-p 00000000 00:00 0 
7f69d27fd000-7f69d27fe000 ---p 00000000 00:00 0 
7f69d27fe000-7f69d2801000 ---p 00000000 00:00 0 
7f69d2801000-7f69d2ffe000 rw-p 00000000 00:00 0 
7f69d2ffe000-7f69d2fff000 ---p 00000000 00:00 0 
7f69d2fff000-7f69d3002000 ---p 00000000 00:00 0 
7f69d3002000-7f69d37ff000 rw-p 00000000 00:00 0 
7f69d37ff000-7f69d3800000 ---p 00000000 00:00 0 
7f69d3800000-7f69d3803000 ---p 00000000 00:00 0 
7f69d3803000-7f69d4000000 rw-p 00000000 00:00 0 
7f69d4000000-7f69d4021000 rw-p 00000000 00:00 0 
7f69d4021000-7f69d8000000 ---p 00000000 00:00 0 
7f69d8000000-7f69d8021000 rw-p 00000000 00:00 0 
7f69d8021000-7f69dc000000 ---p 00000000 00:00 0 
7f69dc000000-7f69dc021000 rw-p 00000000 00:00 0 
7f69dc021000-7f69e0000000 ---p 00000000 00:00 0 
7f69e0082000-7f69e0193000 rw-s 00000000 00:05 8093706                    /SYSV00401cf5 (deleted)
7f69e0193000-7f69e02a4000 rw-s 00000000 00:05 8650767                    /SYSV00401cfc (deleted)
7f69e02a4000-7f69e03b5000 rw-s 00000000 00:05 8617998                    /SYSV00401cfe (deleted)
7f69e03b5000-7f69e04c6000 rw-s 00000000 00:05 20906000                   /SYSV00401cf7 (deleted)
7f69e04c6000-7f69e05d7000 rw-s 00000000 00:05 21168139                   /SYSV00401cf8 (deleted)
7f69e05d7000-7f69e06e8000 rw-s 00000000 00:05 8585229                    /SYSV00401cfa (deleted)
7f69e06e8000-7f69e07f9000 rw-s 00000000 00:05 20873228                   /SYSV00401cf6 (deleted)
7f69e07f9000-7f69e07fa000 ---p 00000000 00:00 0 
7f69e07fa000-7f69e0ffa000 rw-p 00000000 00:00 0 
7f69e0ffa000-7f69e0ffb000 ---p 00000000 00:00 0 
7f69e0ffb000-7f69e17fb000 rw-p 00000000 00:00 0 
7f69e17fb000-7f69e17fc000 ---p 00000000 00:00 0 
7f69e17fc000-7f69e17ff000 ---p 00000000 00:00 0 
7f69e17ff000-7f69e1ffc000 rw-p 00000000 00:00 0 
7f69e1ffc000-7f69e1ffd000 ---p 00000000 00:00 0 
7f69e1ffd000-7f69e27fd000 rw-p 00000000 00:00 0 
7f69e27fd000-7f69e27fe000 ---p 00000000 00:00 0 
7f69e27fe000-7f69e2801000 ---p 00000000 00:00 0 
7f69e2801000-7f69e2ffe000 rw-p 00000000 00:00 0 
7f69e2ffe000-7f69e2fff000 ---p 00000000 00:00 0 
7f69e2fff000-7f69e37ff000 rw-p 00000000 00:00 0 
7f69e37ff000-7f69e3800000 ---p 00000000 00:00 0 
7f69e3800000-7f69e4000000 rw-p 00000000 00:00 0 
7f69e4000000-7f69e403a000 rw-p 00000000 00:00 0 
7f69e403a000-7f69e8000000 ---p 00000000 00:00 0 
7f69e8000000-7f69e803a000 rw-p 00000000 00:00 0 
7f69e803a000-7f69ec000000 ---p 00000000 00:00 0 
7f69ec000000-7f69ec032000 rw-p 00000000 00:00 0 
7f69ec032000-7f69f0000000 ---p 00000000 00:00 0 
7f69f0000000-7f69f003a000 rw-p 00000000 00:00 0 
7f69f003a000-7f69f4000000 ---p 00000000 00:00 0 
7f69f4000000-7f69f403a000 rw-p 00000000 00:00 0 
7f69f403a000-7f69f8000000 ---p 00000000 00:00 0 
7f69f8000000-7f69f8021000 rw-p 00000000 00:00 0 
7f69f8021000-7f69fc000000 ---p 00000000 00:00 0 
7f69fc000000-7f69fc03a000 rw-p 00000000 00:00 0 
7f69fc03a000-7f6a00000000 ---p 00000000 00:00 0 
7f6a00000000-7f6a00021000 rw-p 00000000 00:00 0 
7f6a00021000-7f6a04000000 ---p 00000000 00:00 0 
7f6a04000000-7f6a04021000 rw-p 00000000 00:00 0 
7f6a04021000-7f6a08000000 ---p 00000000 00:00 0 
7f6a08000000-7f6a08021000 rw-p 00000000 00:00 0 
7f6a08021000-7f6a0c000000 ---p 00000000 00:00 0 
7f6a0c000000-7f6a0c021000 rw-p 00000000 00:00 0 
7f6a0c021000-7f6a10000000 ---p 00000000 00:00 0 
7f6a1005e000-7f6a1005f000 ---p 00000000 00:00 0 
7f6a1005f000-7f6a117fb000 rw-p 00000000 00:00 0 
7f6a117fb000-7f6a117fc000 ---p 00000000 00:00 0 
7f6a117fc000-7f6a117ff000 ---p 00000000 00:00 0 
7f6a117ff000-7f6a11ffc000 rw-p 00000000 00:00 0 
7f6a11ffc000-7f6a11ffd000 ---p 00000000 00:00 0 
7f6a11ffd000-7f6a12000000 ---p 00000000 00:00 0 
7f6a12000000-7f6a127fd000 rw-p 00000000 00:00 0 
7f6a127fd000-7f6a127fe000 ---p 00000000 00:00 0 
7f6a127fe000-7f6a12801000 ---p 00000000 00:00 0 
7f6a12801000-7f6a12ffe000 rw-p 00000000 00:00 0 
7f6a12ffe000-7f6a12fff000 ---p 00000000 00:00 0 
7f6a12fff000-7f6a13002000 ---p 00000000 00:00 0 
7f6a13002000-7f6a137ff000 rw-p 00000000 00:00 0 
7f6a137ff000-7f6a13800000 ---p 00000000 00:00 0 
7f6a13800000-7f6a13803000 ---p 00000000 00:00 0 
7f6a13803000-7f6a14000000 rw-p 00000000 00:00 0 
7f6a14000000-7f6a14021000 rw-p 00000000 00:00 0 
7f6a14021000-7f6a18000000 ---p 00000000 00:00 0 
7f6a18000000-7f6a18589000 rw-p 00000000 00:00 0 
7f6a18589000-7f6a1c000000 ---p 00000000 00:00 0 
7f6a1c030000-7f6a1c031000 ---p 00000000 00:00 0 
7f6a1c031000-7f6a1c034000 ---p 00000000 00:00 0 
7f6a1c034000-7f6a1c831000 rw-p 00000000 00:00 0 
7f6a1c831000-7f6a1c832000 ---p 00000000 00:00 0 
7f6a1c832000-7f6a1c835000 ---p 00000000 00:00 0 
7f6a1c835000-7f6a1d032000 rw-p 00000000 00:00 0 
7f6a1d032000-7f6a1d033000 ---p 00000000 00:00 0 
7f6a1d033000-7f6a1d036000 ---p 00000000 00:00 0 
7f6a1d036000-7f6a1d833000 rw-p 00000000 00:00 0 
7f6a1d833000-7f6a1d834000 ---p 00000000 00:00 0 
7f6a1d834000-7f6a1d837000 ---p 00000000 00:00 0 
7f6a1d837000-7f6a1e034000 rw-p 00000000 00:00 0 
7f6a1e034000-7f6a1e035000 ---p 00000000 00:00 0 
7f6a1e035000-7f6a1e038000 ---p 00000000 00:00 0 
7f6a1e038000-7f6a1e835000 rw-p 00000000 00:00 0 
7f6a1e835000-7f6a1e836000 ---p 00000000 00:00 0 
7f6a1e836000-7f6a1e839000 ---p 00000000 00:00 0 
7f6a1e839000-7f6a1f036000 rw-p 00000000 00:00 0 
7f6a1f036000-7f6a1f037000 ---p 00000000 00:00 0 
7f6a1f037000-7f6a1f03a000 ---p 00000000 00:00 0 
7f6a1f03a000-7f6a1f837000 rw-p 00000000 00:00 0 
7f6a1f837000-7f6a1fdf0000 r-xp 00000000 103:02 12595626                  /home/stacy/rti_connext_dds-5.3.1/lib/x64Linux3gcc5.4.0/libnddscore.so
7f6a1fdf0000-7f6a1fff0000 ---p 005b9000 103:02 12595626                  /home/stacy/rti_connext_dds-5.3.1/lib/x64Linux3gcc5.4.0/libnddscore.so
7f6a1fff0000-7f6a1fff8000 r--p 005b9000 103:02 12595626                  /home/stacy/rti_connext_dds-5.3.1/lib/x64Linux3gcc5.4.0/libnddscore.so
7f6a1fff8000-7f6a20000000 rw-p 005c1000 103:02 12595626                  /home/stacy/rti_connext_dds-5.3.1/lib/x64Linux3gcc5.4.0/libnddscore.so
7f6a20000000-7f6a2058f000 rw-p 00000000 00:00 0 
7f6a2058f000-7f6a24000000 ---p 00000000 00:00 0 
7f6a24000000-7f6a24593000 rw-p 00000000 00:00 0 
7f6a24593000-7f6a28000000 ---p 00000000 00:00 0 
7f6a28000000-7f6a28694000 rw-p 00000000 00:00 0 
7f6a28694000-7f6a2c000000 ---p 00000000 00:00 0 
7f6a2c000000-7f6a2c699000 rw-p 00000000 00:00 0 
7f6a2c699000-7f6a30000000 ---p 00000000 00:00 0 
7f6a30000000-7f6a30587000 rw-p 00000000 00:00 0 
7f6a30587000-7f6a34000000 ---p 00000000 00:00 0 
7f6a34000000-7f6a34021000 rw-p 00000000 00:00 0 
7f6a34021000-7f6a38000000 ---p 00000000 00:00 0 
7f6a38033000-7f6a380b9000 rw-p 00000000 00:00 0 
7f6a380b9000-7f6a381ca000 rw-s 00000000 00:05 8060937                    /SYSV00401cf4 (deleted)
7f6a381ca000-7f6a38728000 r-xp 00000000 103:02 12595620                  /home/stacy/rti_connext_dds-5.3.1/lib/x64Linux3gcc5.4.0/libnddsc.so
7f6a38728000-7f6a38928000 ---p 0055e000 103:02 12595620                  /home/stacy/rti_connext_dds-5.3.1/lib/x64Linux3gcc5.4.0/libnddsc.so
7f6a38928000-7f6a3892d000 r--p 0055e000 103:02 12595620                  /home/stacy/rti_connext_dds-5.3.1/lib/x64Linux3gcc5.4.0/libnddsc.so
7f6a3892d000-7f6a3893b000 rw-p 00563000 103:02 12595620                  /home/stacy/rti_connext_dds-5.3.1/lib/x64Linux3gcc5.4.0/libnddsc.so
7f6a3893b000-7f6a389f8000 r-xp 00000000 103:02 12595619                  /home/stacy/rti_connext_dds-5.3.1/lib/x64Linux3gcc5.4.0/libnddsjava.so
7f6a389f8000-7f6a38bf7000 ---p 000bd000 103:02 12595619                  /home/stacy/rti_connext_dds-5.3.1/lib/x64Linux3gcc5.4.0/libnddsjava.so
7f6a38bf7000-7f6a38bf8000 r--p 000bc000 103:02 12595619                  /home/stacy/rti_connext_dds-5.3.1/lib/x64Linux3gcc5.4.0/libnddsjava.so
7f6a38bf8000-7f6a38bfb000 rw-p 000bd000 103:02 12595619                  /home/stacy/rti_connext_dds-5.3.1/lib/x64Linux3gcc5.4.0/libnddsjava.so
7f6a38bfb000-7f6a38bfe000 ---p 00000000 00:00 0 
7f6a38bfe000-7f6a38cfc000 rw-p 00000000 00:00 0 
7f6a38cfc000-7f6a38cff000 ---p 00000000 00:00 0 
7f6a38cff000-7f6a38dfd000 rw-p 00000000 00:00 0 
7f6a38dfd000-7f6a38e00000 ---p 00000000 00:00 0 
7f6a38e00000-7f6a38efe000 rw-p 00000000 00:00 0 
7f6a38efe000-7f6a38f01000 ---p 00000000 00:00 0 
7f6a38f01000-7f6a3c000000 rw-p 00000000 00:00 0 
7f6a3c000000-7f6a3c18c000 rw-p 00000000 00:00 0 
7f6a3c18c000-7f6a40000000 ---p 00000000 00:00 0 
7f6a40000000-7f6a40021000 rw-p 00000000 00:00 0 
7f6a40021000-7f6a44000000 ---p 00000000 00:00 0 
7f6a44000000-7f6a44037000 rw-p 00000000 00:00 0 
7f6a44037000-7f6a48000000 ---p 00000000 00:00 0 
7f6a48000000-7f6a480e2000 rw-p 00000000 00:00 0 
7f6a480e2000-7f6a4c000000 ---p 00000000 00:00 0 
7f6a4c000000-7f6a4c021000 rw-p 00000000 00:00 0 
7f6a4c021000-7f6a50000000 ---p 00000000 00:00 0 
7f6a50000000-7f6a5012e000 rw-p 00000000 00:00 0 
7f6a5012e000-7f6a54000000 ---p 00000000 00:00 0 
7f6a54000000-7f6a54021000 rw-p 00000000 00:00 0 
7f6a54021000-7f6a58000000 ---p 00000000 00:00 0 
7f6a58000000-7f6a58021000 rw-p 00000000 00:00 0 
7f6a58021000-7f6a5c000000 ---p 00000000 00:00 0 
7f6a5c000000-7f6a5c021000 rw-p 00000000 00:00 0 
7f6a5c021000-7f6a60000000 ---p 00000000 00:00 0 
7f6a60000000-7f6a60021000 rw-p 00000000 00:00 0 
7f6a60021000-7f6a64000000 ---p 00000000 00:00 0 
7f6a64000000-7f6a64021000 rw-p 00000000 00:00 0 
7f6a64021000-7f6a68000000 ---p 00000000 00:00 0 
7f6a68000000-7f6a68021000 rw-p 00000000 00:00 0 
7f6a68021000-7f6a6c000000 ---p 00000000 00:00 0 
7f6a6c037000-7f6a6c03a000 ---p 00000000 00:00 0 
7f6a6c03a000-7f6a6c138000 rw-p 00000000 00:00 0 
7f6a6c138000-7f6a6c13b000 ---p 00000000 00:00 0 
7f6a6c13b000-7f6a6c239000 rw-p 00000000 00:00 0 
7f6a6c239000-7f6a6c2cf000 r--s 008dc000 103:02 14820105                  /usr/lib/jvm/java-8-openjdk/jre/lib/ext/jfxrt.jar
7f6a6c2cf000-7f6a6c2d0000 ---p 00000000 00:00 0 
7f6a6c2d0000-7f6a70000000 rw-p 00000000 00:00 0 
7f6a70000000-7f6a70021000 rw-p 00000000 00:00 0 
7f6a70021000-7f6a74000000 ---p 00000000 00:00 0 
7f6a74000000-7f6a74021000 rw-p 00000000 00:00 0 
7f6a74021000-7f6a78000000 ---p 00000000 00:00 0 
7f6a78000000-7f6a78021000 rw-p 00000000 00:00 0 
7f6a78021000-7f6a7c000000 ---p 00000000 00:00 0 
7f6a7c000000-7f6a7c021000 rw-p 00000000 00:00 0 
7f6a7c021000-7f6a80000000 ---p 00000000 00:00 0 
7f6a80000000-7f6a80021000 rw-p 00000000 00:00 0 
7f6a80021000-7f6a84000000 ---p 00000000 00:00 0 
7f6a8400e000-7f6a84011000 ---p 00000000 00:00 0 
7f6a84011000-7f6a8410f000 rw-p 00000000 00:00 0 
7f6a8410f000-7f6a84110000 ---p 00000000 00:00 0 
7f6a84110000-7f6a84113000 ---p 00000000 00:00 0 
7f6a84113000-7f6a84210000 rw-p 00000000 00:00 0 
7f6a84210000-7f6a84211000 ---p 00000000 00:00 0 
7f6a84211000-7f6a84214000 ---p 00000000 00:00 0 
7f6a84214000-7f6a84311000 rw-p 00000000 00:00 0 
7f6a84311000-7f6a84312000 ---p 00000000 00:00 0 
7f6a84312000-7f6a84315000 ---p 00000000 00:00 0 
7f6a84315000-7f6a84412000 rw-p 00000000 00:00 0 
7f6a84412000-7f6a84413000 ---p 00000000 00:00 0 
7f6a84413000-7f6a84416000 ---p 00000000 00:00 0 
7f6a84416000-7f6a84513000 rw-p 00000000 00:00 0 
7f6a84513000-7f6a84516000 ---p 00000000 00:00 0 
7f6a84516000-7f6a84614000 rw-p 00000000 00:00 0 
7f6a84614000-7f6a848f9000 r--p 00000000 103:02 13779368                  /usr/lib/locale/locale-archive
7f6a848f9000-7f6a848fc000 ---p 00000000 00:00 0 
7f6a848fc000-7f6a849fa000 rw-p 00000000 00:00 0 
7f6a849fa000-7f6a849fd000 ---p 00000000 00:00 0 
7f6a849fd000-7f6a84afb000 rw-p 00000000 00:00 0 
7f6a84afb000-7f6a84afc000 ---p 00000000 00:00 0 
7f6a84afc000-7f6a85000000 rw-p 00000000 00:00 0 
7f6a85000000-7f6a85270000 rwxp 00000000 00:00 0 
7f6a85270000-7f6a94000000 ---p 00000000 00:00 0 
7f6a94000000-7f6a941cf000 rw-p 00000000 00:00 0 
7f6a941cf000-7f6a98000000 ---p 00000000 00:00 0 
7f6a98020000-7f6a98025000 r--s 002f9000 103:02 14690485                  /usr/lib/jvm/java-8-openjdk/jre/lib/charsets.jar
7f6a98025000-7f6a98035000 r--s 0008b000 103:02 12460717                  /home/stacy/rti_connext_dds-5.3.1/lib/java/nddsjava.jar
7f6a98035000-7f6a98050000 r--s 001d6000 103:02 14811160                  /usr/lib/jvm/java-8-openjdk/jre/lib/ext/nashorn.jar
7f6a98050000-7f6a98057000 r--p 00000000 103:02 14690473                  /usr/lib/jvm/java-8-openjdk/jre/lib/amd64/libnio.so
7f6a98057000-7f6a9805f000 r-xp 00007000 103:02 14690473                  /usr/lib/jvm/java-8-openjdk/jre/lib/amd64/libnio.so
7f6a9805f000-7f6a98062000 r--p 0000f000 103:02 14690473                  /usr/lib/jvm/java-8-openjdk/jre/lib/amd64/libnio.so
7f6a98062000-7f6a98063000 ---p 00012000 103:02 14690473                  /usr/lib/jvm/java-8-openjdk/jre/lib/amd64/libnio.so
7f6a98063000-7f6a98064000 r--p 00012000 103:02 14690473                  /usr/lib/jvm/java-8-openjdk/jre/lib/amd64/libnio.so
7f6a98064000-7f6a98065000 rw-p 00013000 103:02 14690473                  /usr/lib/jvm/java-8-openjdk/jre/lib/amd64/libnio.so
7f6a98065000-7f6a9806a000 r--p 00000000 103:02 14690472                  /usr/lib/jvm/java-8-openjdk/jre/lib/amd64/libnet.so
7f6a9806a000-7f6a98079000 r-xp 00005000 103:02 14690472                  /usr/lib/jvm/java-8-openjdk/jre/lib/amd64/libnet.so
7f6a98079000-7f6a9807d000 r--p 00014000 103:02 14690472                  /usr/lib/jvm/java-8-openjdk/jre/lib/amd64/libnet.so
7f6a9807d000-7f6a9807e000 r--p 00017000 103:02 14690472                  /usr/lib/jvm/java-8-openjdk/jre/lib/amd64/libnet.so
7f6a9807e000-7f6a9807f000 rw-p 00018000 103:02 14690472                  /usr/lib/jvm/java-8-openjdk/jre/lib/amd64/libnet.so
7f6a9807f000-7f6a9990d000 rw-p 00000000 00:00 0 
7f6a9990d000-7f6a99add000 r--s 03c3a000 103:02 14690526                  /usr/lib/jvm/java-8-openjdk/jre/lib/rt.jar
7f6a99add000-7f6a9a196000 rw-p 00000000 00:00 0 
7f6a9a196000-7f6a9a3d6000 ---p 00000000 00:00 0 
7f6a9a3d6000-7f6a9a7bf000 rw-p 00000000 00:00 0 
7f6a9a7bf000-7f6a9a7c0000 ---p 00000000 00:00 0 
7f6a9a7c0000-7f6a9a8c0000 rw-p 00000000 00:00 0 
7f6a9a8c0000-7f6a9a8c1000 ---p 00000000 00:00 0 
7f6a9a8c1000-7f6a9a9c1000 rw-p 00000000 00:00 0 
7f6a9a9c1000-7f6a9a9c2000 ---p 00000000 00:00 0 
7f6a9a9c2000-7f6a9aac2000 rw-p 00000000 00:00 0 
7f6a9aac2000-7f6a9aac3000 ---p 00000000 00:00 0 
7f6a9aac3000-7f6a9abc3000 rw-p 00000000 00:00 0 
7f6a9abc3000-7f6a9abc4000 ---p 00000000 00:00 0 
7f6a9abc4000-7f6a9acc4000 rw-p 00000000 00:00 0 
7f6a9acc4000-7f6a9acc5000 ---p 00000000 00:00 0 
7f6a9acc5000-7f6a9adc5000 rw-p 00000000 00:00 0 
7f6a9adc5000-7f6a9adc6000 ---p 00000000 00:00 0 
7f6a9adc6000-7f6a9aec6000 rw-p 00000000 00:00 0 
7f6a9aec6000-7f6a9aec7000 ---p 00000000 00:00 0 
7f6a9aec7000-7f6a9aff0000 rw-p 00000000 00:00 0 
7f6a9aff0000-7f6a9b249000 ---p 00000000 00:00 0 
7f6a9b249000-7f6a9b272000 rw-p 00000000 00:00 0 
7f6a9b272000-7f6a9b4cb000 ---p 00000000 00:00 0 
7f6a9b4cb000-7f6a9b4ef000 rw-p 00000000 00:00 0 
7f6a9b4ef000-7f6a9b60c000 ---p 00000000 00:00 0 
7f6a9b60c000-7f6a9b617000 rw-p 00000000 00:00 0 
7f6a9b617000-7f6a9b9cd000 ---p 00000000 00:00 0 
7f6a9b9cd000-7f6a9b9da000 r--p 00000000 103:02 14690462                  /usr/lib/jvm/java-8-openjdk/jre/lib/amd64/libjava.so
7f6a9b9da000-7f6a9b9f2000 r-xp 0000d000 103:02 14690462                  /usr/lib/jvm/java-8-openjdk/jre/lib/amd64/libjava.so
7f6a9b9f2000-7f6a9b9f9000 r--p 00025000 103:02 14690462                  /usr/lib/jvm/java-8-openjdk/jre/lib/amd64/libjava.so
7f6a9b9f9000-7f6a9b9fa000 ---p 0002c000 103:02 14690462                  /usr/lib/jvm/java-8-openjdk/jre/lib/amd64/libjava.so
7f6a9b9fa000-7f6a9b9fb000 r--p 0002c000 103:02 14690462                  /usr/lib/jvm/java-8-openjdk/jre/lib/amd64/libjava.so
7f6a9b9fb000-7f6a9b9fc000 rw-p 0002d000 103:02 14690462                  /usr/lib/jvm/java-8-openjdk/jre/lib/amd64/libjava.so
7f6a9b9fc000-7f6a9b9fd000 rw-p 00000000 00:00 0 
7f6a9b9fd000-7f6a9b9ff000 r--p 00000000 103:02 13772906                  /usr/lib/librt-2.28.so
7f6a9b9ff000-7f6a9ba03000 r-xp 00002000 103:02 13772906                  /usr/lib/librt-2.28.so
7f6a9ba03000-7f6a9ba05000 r--p 00006000 103:02 13772906                  /usr/lib/librt-2.28.so
7f6a9ba05000-7f6a9ba06000 r--p 00007000 103:02 13772906                  /usr/lib/librt-2.28.so
7f6a9ba06000-7f6a9ba07000 rw-p 00008000 103:02 13772906                  /usr/lib/librt-2.28.so
7f6a9ba07000-7f6a9ba08000 ---p 00000000 00:00 0 
7f6a9ba08000-7f6a9ba0b000 ---p 00000000 00:00 0 
7f6a9ba0b000-7f6a9bb08000 rw-p 00000000 00:00 0 
7f6a9bb08000-7f6a9bb15000 r--p 00000000 103:02 13771195                  /usr/lib/libm-2.28.so
7f6a9bb15000-7f6a9bbb6000 r-xp 0000d000 103:02 13771195                  /usr/lib/libm-2.28.so
7f6a9bbb6000-7f6a9bc8b000 r--p 000ae000 103:02 13771195                  /usr/lib/libm-2.28.so
7f6a9bc8b000-7f6a9bc8c000 r--p 00182000 103:02 13771195                  /usr/lib/libm-2.28.so
7f6a9bc8c000-7f6a9bc8d000 rw-p 00183000 103:02 13771195                  /usr/lib/libm-2.28.so
7f6a9bc8d000-7f6a9be7e000 r--p 00000000 103:02 14690483                  /usr/lib/jvm/java-8-openjdk/jre/lib/amd64/server/libjvm.so
7f6a9be7e000-7f6a9c6f1000 r-xp 001f1000 103:02 14690483                  /usr/lib/jvm/java-8-openjdk/jre/lib/amd64/server/libjvm.so
7f6a9c6f1000-7f6a9c891000 r--p 00a64000 103:02 14690483                  /usr/lib/jvm/java-8-openjdk/jre/lib/amd64/server/libjvm.so
7f6a9c891000-7f6a9c892000 ---p 00c04000 103:02 14690483                  /usr/lib/jvm/java-8-openjdk/jre/lib/amd64/server/libjvm.so
7f6a9c892000-7f6a9c927000 r--p 00c04000 103:02 14690483                  /usr/lib/jvm/java-8-openjdk/jre/lib/amd64/server/libjvm.so
7f6a9c927000-7f6a9c94f000 rw-p 00c99000 103:02 14690483                  /usr/lib/jvm/java-8-openjdk/jre/lib/amd64/server/libjvm.so
7f6a9c94f000-7f6a9c981000 rw-p 00000000 00:00 0 
7f6a9c981000-7f6a9c987000 r--p 00000000 103:02 13771224                  /usr/lib/libpthread-2.28.so
7f6a9c987000-7f6a9c996000 r-xp 00006000 103:02 13771224                  /usr/lib/libpthread-2.28.so
7f6a9c996000-7f6a9c99c000 r--p 00015000 103:02 13771224                  /usr/lib/libpthread-2.28.so
7f6a9c99c000-7f6a9c99d000 r--p 0001a000 103:02 13771224                  /usr/lib/libpthread-2.28.so
7f6a9c99d000-7f6a9c99e000 rw-p 0001b000 103:02 13771224                  /usr/lib/libpthread-2.28.so
7f6a9c99e000-7f6a9c9a2000 rw-p 00000000 00:00 0 
7f6a9c9a2000-7f6a9c9a3000 r--p 00000000 103:02 13771189                  /usr/lib/libdl-2.28.so
7f6a9c9a3000-7f6a9c9a4000 r-xp 00001000 103:02 13771189                  /usr/lib/libdl-2.28.so
7f6a9c9a4000-7f6a9c9a5000 r--p 00002000 103:02 13771189                  /usr/lib/libdl-2.28.so
7f6a9c9a5000-7f6a9c9a6000 r--p 00002000 103:02 13771189                  /usr/lib/libdl-2.28.so
7f6a9c9a6000-7f6a9c9a7000 rw-p 00003000 103:02 13771189                  /usr/lib/libdl-2.28.so
7f6a9c9a7000-7f6a9c9bd000 r-xp 00000000 103:02 13768677                  /usr/lib/libz.so.1.2.11
7f6a9c9bd000-7f6a9cbbc000 ---p 00016000 103:02 13768677                  /usr/lib/libz.so.1.2.11
7f6a9cbbc000-7f6a9cbbd000 r--p 00015000 103:02 13768677                  /usr/lib/libz.so.1.2.11
7f6a9cbbd000-7f6a9cbbe000 rw-p 00016000 103:02 13768677                  /usr/lib/libz.so.1.2.11
7f6a9cbbe000-7f6a9cbe0000 r--p 00000000 103:02 13771180                  /usr/lib/libc-2.28.so
7f6a9cbe0000-7f6a9cd2b000 r-xp 00022000 103:02 13771180                  /usr/lib/libc-2.28.so
7f6a9cd2b000-7f6a9cd77000 r--p 0016d000 103:02 13771180                  /usr/lib/libc-2.28.so
7f6a9cd77000-7f6a9cd78000 ---p 001b9000 103:02 13771180                  /usr/lib/libc-2.28.so
7f6a9cd78000-7f6a9cd7c000 r--p 001b9000 103:02 13771180                  /usr/lib/libc-2.28.so
7f6a9cd7c000-7f6a9cd7e000 rw-p 001bd000 103:02 13771180                  /usr/lib/libc-2.28.so
7f6a9cd7e000-7f6a9cd82000 rw-p 00000000 00:00 0 
7f6a9cd83000-7f6a9cd86000 r--p 00000000 103:02 14690480                  /usr/lib/jvm/java-8-openjdk/jre/lib/amd64/libzip.so
7f6a9cd86000-7f6a9cd8a000 r-xp 00003000 103:02 14690480                  /usr/lib/jvm/java-8-openjdk/jre/lib/amd64/libzip.so
7f6a9cd8a000-7f6a9cd8c000 r--p 00007000 103:02 14690480                  /usr/lib/jvm/java-8-openjdk/jre/lib/amd64/libzip.so
7f6a9cd8c000-7f6a9cd8d000 r--p 00008000 103:02 14690480                  /usr/lib/jvm/java-8-openjdk/jre/lib/amd64/libzip.so
7f6a9cd8d000-7f6a9cd8e000 rw-p 00009000 103:02 14690480                  /usr/lib/jvm/java-8-openjdk/jre/lib/amd64/libzip.so
7f6a9cd8e000-7f6a9cd96000 rw-s 00000000 00:2b 57                         /tmp/hsperfdata_unknown/13980
7f6a9cd96000-7f6a9cd99000 r--p 00000000 103:02 13771217                  /usr/lib/libnss_files-2.28.so
7f6a9cd99000-7f6a9cda0000 r-xp 00003000 103:02 13771217                  /usr/lib/libnss_files-2.28.so
7f6a9cda0000-7f6a9cda3000 r--p 0000a000 103:02 13771217                  /usr/lib/libnss_files-2.28.so
7f6a9cda3000-7f6a9cda4000 r--p 0000c000 103:02 13771217                  /usr/lib/libnss_files-2.28.so
7f6a9cda4000-7f6a9cda5000 rw-p 0000d000 103:02 13771217                  /usr/lib/libnss_files-2.28.so
7f6a9cda5000-7f6a9cdac000 rw-p 00000000 00:00 0 
7f6a9cdac000-7f6a9cdad000 r--p 00000000 00:00 0 
7f6a9cdad000-7f6a9cdb2000 r--p 00000000 103:02 14690479                  /usr/lib/jvm/java-8-openjdk/jre/lib/amd64/libverify.so
7f6a9cdb2000-7f6a9cdb9000 r-xp 00005000 103:02 14690479                  /usr/lib/jvm/java-8-openjdk/jre/lib/amd64/libverify.so
7f6a9cdb9000-7f6a9cdbb000 r--p 0000c000 103:02 14690479                  /usr/lib/jvm/java-8-openjdk/jre/lib/amd64/libverify.so
7f6a9cdbb000-7f6a9cdbd000 r--p 0000d000 103:02 14690479                  /usr/lib/jvm/java-8-openjdk/jre/lib/amd64/libverify.so
7f6a9cdbd000-7f6a9cdbe000 rw-p 0000f000 103:02 14690479                  /usr/lib/jvm/java-8-openjdk/jre/lib/amd64/libverify.so
7f6a9cdbe000-7f6a9cdc0000 r--p 00000000 103:02 14690448                  /usr/lib/jvm/java-8-openjdk/jre/lib/amd64/jli/libjli.so
7f6a9cdc0000-7f6a9cdc9000 r-xp 00002000 103:02 14690448                  /usr/lib/jvm/java-8-openjdk/jre/lib/amd64/jli/libjli.so
7f6a9cdc9000-7f6a9cdcc000 r--p 0000b000 103:02 14690448                  /usr/lib/jvm/java-8-openjdk/jre/lib/amd64/jli/libjli.so
7f6a9cdcc000-7f6a9cdcd000 r--p 0000d000 103:02 14690448                  /usr/lib/jvm/java-8-openjdk/jre/lib/amd64/jli/libjli.so
7f6a9cdcd000-7f6a9cdce000 rw-p 0000e000 103:02 14690448                  /usr/lib/jvm/java-8-openjdk/jre/lib/amd64/jli/libjli.so
7f6a9cdce000-7f6a9cdd0000 rw-p 00000000 00:00 0 
7f6a9cdd0000-7f6a9cdd2000 r--p 00000000 103:02 13771168                  /usr/lib/ld-2.28.so
7f6a9cdd2000-7f6a9cdf1000 r-xp 00002000 103:02 13771168                  /usr/lib/ld-2.28.so
7f6a9cdf1000-7f6a9cdf9000 r--p 00021000 103:02 13771168                  /usr/lib/ld-2.28.so
7f6a9cdf9000-7f6a9cdfa000 r--p 00028000 103:02 13771168                  /usr/lib/ld-2.28.so
7f6a9cdfa000-7f6a9cdfb000 rw-p 00029000 103:02 13771168                  /usr/lib/ld-2.28.so
7f6a9cdfb000-7f6a9cdfc000 rw-p 00000000 00:00 0 
7fff4371b000-7fff4373c000 rw-p 00000000 00:00 0                          [stack]
7fff437ee000-7fff437f1000 r--p 00000000 00:00 0                          [vvar]
7fff437f1000-7fff437f3000 r-xp 00000000 00:00 0                          [vdso]

VM Arguments:
jvm_args: -Dfile.encoding=UTF-8 
java_command: AccidentPublisher
java_class_path (initial): /home/stacy/Documents/Spring2019/CPTS464/P2_2:/home/stacy/rti_connext_dds-5.3.1/lib/java/nddsjava.jar
Launcher Type: SUN_STANDARD

Environment Variables:
PATH=/usr/local/bin:/usr/bin:/bin:/usr/local/sbin:/usr/lib/jvm/default/bin:/usr/bin/site_perl:/usr/bin/vendor_perl:/usr/bin/core_perl
LD_LIBRARY_PATH=/home/stacy/rti_connext_dds-5.3.1/lib/x64Linux3gcc5.4.0
SHELL=/bin/bash
DISPLAY=:0

Signal Handlers:
SIGSEGV: [libjvm.so+0xa32bd0], sa_mask[0]=11111111011111111101111111111110, sa_flags=SA_RESTART|SA_SIGINFO
SIGBUS: [libjvm.so+0xa32bd0], sa_mask[0]=11111111011111111101111111111110, sa_flags=SA_RESTART|SA_SIGINFO
SIGFPE: [libjvm.so+0x88ebd0], sa_mask[0]=11111111011111111101111111111110, sa_flags=SA_RESTART|SA_SIGINFO
SIGPIPE: [libjvm.so+0x88ebd0], sa_mask[0]=11111111011111111101111111111110, sa_flags=SA_RESTART|SA_SIGINFO
SIGXFSZ: [libjvm.so+0x88ebd0], sa_mask[0]=11111111011111111101111111111110, sa_flags=SA_RESTART|SA_SIGINFO
SIGILL: [libjvm.so+0x88ebd0], sa_mask[0]=11111111011111111101111111111110, sa_flags=SA_RESTART|SA_SIGINFO
SIGUSR1: SIG_DFL, sa_mask[0]=00000000000000000000000000000000, sa_flags=none
SIGUSR2: [libjvm.so+0x88ea60], sa_mask[0]=00100000000000000000000000000000, sa_flags=SA_RESTART|SA_SIGINFO
SIGHUP: SIG_IGN, sa_mask[0]=00000000000000000000000000000000, sa_flags=none
SIGINT: [libjvm.so+0x88ee70], sa_mask[0]=11111111011111111101111111111110, sa_flags=SA_RESTART|SA_SIGINFO
SIGTERM: [libjvm.so+0x88ee70], sa_mask[0]=11111111011111111101111111111110, sa_flags=SA_RESTART|SA_SIGINFO
SIGQUIT: [libjvm.so+0x88ee70], sa_mask[0]=11111111011111111101111111111110, sa_flags=SA_RESTART|SA_SIGINFO


---------------  S Y S T E M  ---------------

OS:DISTRIB_ID=ManjaroLinux
DISTRIB_RELEASE=18.0.4
DISTRIB_CODENAME=Illyria
DISTRIB_DESCRIPTION="Manjaro Linux"

uname:Linux 4.19.32-1-MANJARO #1 SMP PREEMPT Wed Mar 27 18:55:07 UTC 2019 x86_64
libc:glibc 2.28 NPTL 2.28 
rlimit: STACK 8192k, CORE infinity, NPROC 30574, NOFILE 1048576, AS infinity
load average:1.35 1.05 0.91

/proc/meminfo:
MemTotal:        7887696 kB
MemFree:         2694636 kB
MemAvailable:    4405340 kB
Buffers:          116568 kB
Cached:          2195232 kB
SwapCached:            0 kB
Active:          3288012 kB
Inactive:        1542660 kB
Active(anon):    2439312 kB
Inactive(anon):   499368 kB
Active(file):     848700 kB
Inactive(file):  1043292 kB
Unevictable:          64 kB
Mlocked:              64 kB
SwapTotal:       9227464 kB
SwapFree:        9227464 kB
Dirty:                 0 kB
Writeback:             0 kB
AnonPages:       2519180 kB
Mapped:           727052 kB
Shmem:            535284 kB
Slab:             181428 kB
SReclaimable:      87692 kB
SUnreclaim:        93736 kB
KernelStack:       14212 kB
PageTables:        27560 kB
NFS_Unstable:          0 kB
Bounce:                0 kB
WritebackTmp:          0 kB
CommitLimit:    13171312 kB
Committed_AS:    8793136 kB
VmallocTotal:   34359738367 kB
VmallocUsed:           0 kB
VmallocChunk:          0 kB
Percpu:             2784 kB
HardwareCorrupted:     0 kB
AnonHugePages:         0 kB
ShmemHugePages:        0 kB
ShmemPmdMapped:        0 kB
HugePages_Total:       0
HugePages_Free:        0
HugePages_Rsvd:        0
HugePages_Surp:        0
Hugepagesize:       2048 kB
Hugetlb:               0 kB
DirectMap4k:      235536 kB
DirectMap2M:     7874560 kB
DirectMap1G:           0 kB

container (cgroup) information:
container_type: cgroupv1
cpu_cpuset_cpus: 0-7
cpu_memory_nodes: 0
active_processor_count: 8
cpu_quota: -1
cpu_period: 100000
cpu_shares: -1
memory_limit_in_bytes: -1
memory_and_swap_limit_in_bytes: -1
memory_soft_limit_in_bytes: -1
memory_usage_in_bytes: 4303253504
memory_max_usage_in_bytes: 4637466624


CPU:total 8 (initial active 8) (4 cores per cpu, 2 threads per core) family 6 model 142 stepping 10, cmov, cx8, fxsr, mmx, sse, sse2, sse3, ssse3, sse4.1, sse4.2, popcnt, avx, avx2, aes, clmul, erms, 3dnowpref, lzcnt, ht, tsc, tscinvbit, bmi1, bmi2, adx

/proc/cpuinfo:
processor	: 0
vendor_id	: GenuineIntel
cpu family	: 6
model		: 142
model name	: Intel(R) Core(TM) i7-8550U CPU @ 1.80GHz
stepping	: 10
microcode	: 0x9e
cpu MHz		: 1875.635
cache size	: 8192 KB
physical id	: 0
siblings	: 8
core id		: 0
cpu cores	: 4
apicid		: 0
initial apicid	: 0
fpu		: yes
fpu_exception	: yes
cpuid level	: 22
wp		: yes
flags		: fpu vme de pse tsc msr pae mce cx8 apic sep mtrr pge mca cmov pat pse36 clflush dts acpi mmx fxsr sse sse2 ss ht tm pbe syscall nx pdpe1gb rdtscp lm constant_tsc art arch_perfmon pebs bts rep_good nopl xtopology nonstop_tsc cpuid aperfmperf tsc_known_freq pni pclmulqdq dtes64 monitor ds_cpl vmx est tm2 ssse3 sdbg fma cx16 xtpr pdcm pcid sse4_1 sse4_2 x2apic movbe popcnt tsc_deadline_timer aes xsave avx f16c rdrand lahf_lm abm 3dnowprefetch cpuid_fault epb invpcid_single pti ssbd ibrs ibpb stibp tpr_shadow vnmi flexpriority ept vpid ept_ad fsgsbase tsc_adjust bmi1 avx2 smep bmi2 erms invpcid mpx rdseed adx smap clflushopt intel_pt xsaveopt xsavec xgetbv1 xsaves dtherm ida arat pln pts hwp hwp_notify hwp_act_window hwp_epp flush_l1d
bugs		: cpu_meltdown spectre_v1 spectre_v2 spec_store_bypass l1tf
bogomips	: 3985.00
clflush size	: 64
cache_alignment	: 64
address sizes	: 39 bits physical, 48 bits virtual
power management:

processor	: 1
vendor_id	: GenuineIntel
cpu family	: 6
model		: 142
model name	: Intel(R) Core(TM) i7-8550U CPU @ 1.80GHz
stepping	: 10
microcode	: 0x9e
cpu MHz		: 1893.350
cache size	: 8192 KB
physical id	: 0
siblings	: 8
core id		: 1
cpu cores	: 4
apicid		: 2
initial apicid	: 2
fpu		: yes
fpu_exception	: yes
cpuid level	: 22
wp		: yes
flags		: fpu vme de pse tsc msr pae mce cx8 apic sep mtrr pge mca cmov pat pse36 clflush dts acpi mmx fxsr sse sse2 ss ht tm pbe syscall nx pdpe1gb rdtscp lm constant_tsc art arch_perfmon pebs bts rep_good nopl xtopology nonstop_tsc cpuid aperfmperf tsc_known_freq pni pclmulqdq dtes64 monitor ds_cpl vmx est tm2 ssse3 sdbg fma cx16 xtpr pdcm pcid sse4_1 sse4_2 x2apic movbe popcnt tsc_deadline_timer aes xsave avx f16c rdrand lahf_lm abm 3dnowprefetch cpuid_fault epb invpcid_single pti ssbd ibrs ibpb stibp tpr_shadow vnmi flexpriority ept vpid ept_ad fsgsbase tsc_adjust bmi1 avx2 smep bmi2 erms invpcid mpx rdseed adx smap clflushopt intel_pt xsaveopt xsavec xgetbv1 xsaves dtherm ida arat pln pts hwp hwp_notify hwp_act_window hwp_epp flush_l1d
bugs		: cpu_meltdown spectre_v1 spectre_v2 spec_store_bypass l1tf
bogomips	: 3985.00
clflush size	: 64
cache_alignment	: 64
address sizes	: 39 bits physical, 48 bits virtual
power management:

processor	: 2
vendor_id	: GenuineIntel
cpu family	: 6
model		: 142
model name	: Intel(R) Core(TM) i7-8550U CPU @ 1.80GHz
stepping	: 10
microcode	: 0x9e
cpu MHz		: 1881.923
cache size	: 8192 KB
physical id	: 0
siblings	: 8
core id		: 2
cpu cores	: 4
apicid		: 4
initial apicid	: 4
fpu		: yes
fpu_exception	: yes
cpuid level	: 22
wp		: yes
flags		: fpu vme de pse tsc msr pae mce cx8 apic sep mtrr pge mca cmov pat pse36 clflush dts acpi mmx fxsr sse sse2 ss ht tm pbe syscall nx pdpe1gb rdtscp lm constant_tsc art arch_perfmon pebs bts rep_good nopl xtopology nonstop_tsc cpuid aperfmperf tsc_known_freq pni pclmulqdq dtes64 monitor ds_cpl vmx est tm2 ssse3 sdbg fma cx16 xtpr pdcm pcid sse4_1 sse4_2 x2apic movbe popcnt tsc_deadline_timer aes xsave avx f16c rdrand lahf_lm abm 3dnowprefetch cpuid_fault epb invpcid_single pti ssbd ibrs ibpb stibp tpr_shadow vnmi flexpriority ept vpid ept_ad fsgsbase tsc_adjust bmi1 avx2 smep bmi2 erms invpcid mpx rdseed adx smap clflushopt intel_pt xsaveopt xsavec xgetbv1 xsaves dtherm ida arat pln pts hwp hwp_notify hwp_act_window hwp_epp flush_l1d
bugs		: cpu_meltdown spectre_v1 spectre_v2 spec_store_bypass l1tf
bogomips	: 3985.00
clflush size	: 64
cache_alignment	: 64
address sizes	: 39 bits physical, 48 bits virtual
power management:

processor	: 3
vendor_id	: GenuineIntel
cpu family	: 6
model		: 142
model name	: Intel(R) Core(TM) i7-8550U CPU @ 1.80GHz
stepping	: 10
microcode	: 0x9e
cpu MHz		: 1875.832
cache size	: 8192 KB
physical id	: 0
siblings	: 8
core id		: 3
cpu cores	: 4
apicid		: 6
initial apicid	: 6
fpu		: yes
fpu_exception	: yes
cpuid level	: 22
wp		: yes
flags		: fpu vme de pse tsc msr pae mce cx8 apic sep mtrr pge mca cmov pat pse36 clflush dts acpi mmx fxsr sse sse2 ss ht tm pbe syscall nx pdpe1gb rdtscp lm constant_tsc art arch_perfmon pebs bts rep_good nopl xtopology nonstop_tsc cpuid aperfmperf tsc_known_freq pni pclmulqdq dtes64 monitor ds_cpl vmx est tm2 ssse3 sdbg fma cx16 xtpr pdcm pcid sse4_1 sse4_2 x2apic movbe popcnt tsc_deadline_timer aes xsave avx f16c rdrand lahf_lm abm 3dnowprefetch cpuid_fault epb invpcid_single pti ssbd ibrs ibpb stibp tpr_shadow vnmi flexpriority ept vpid ept_ad fsgsbase tsc_adjust bmi1 avx2 smep bmi2 erms invpcid mpx rdseed adx smap clflushopt intel_pt xsaveopt xsavec xgetbv1 xsaves dtherm ida arat pln pts hwp hwp_notify hwp_act_window hwp_epp flush_l1d
bugs		: cpu_meltdown spectre_v1 spectre_v2 spec_store_bypass l1tf
bogomips	: 3985.00
clflush size	: 64
cache_alignment	: 64
address sizes	: 39 bits physical, 48 bits virtual
power management:

processor	: 4
vendor_id	: GenuineIntel
cpu family	: 6
model		: 142
model name	: Intel(R) Core(TM) i7-8550U CPU @ 1.80GHz
stepping	: 10
microcode	: 0x9e
cpu MHz		: 1879.598
cache size	: 8192 KB
physical id	: 0
siblings	: 8
core id		: 0
cpu cores	: 4
apicid		: 1
initial apicid	: 1
fpu		: yes
fpu_exception	: yes
cpuid level	: 22
wp		: yes
flags		: fpu vme de pse tsc msr pae mce cx8 apic sep mtrr pge mca cmov pat pse36 clflush dts acpi mmx fxsr sse sse2 ss ht tm pbe syscall nx pdpe1gb rdtscp lm constant_tsc art arch_perfmon pebs bts rep_good nopl xtopology nonstop_tsc cpuid aperfmperf tsc_known_freq pni pclmulqdq dtes64 monitor ds_cpl vmx est tm2 ssse3 sdbg fma cx16 xtpr pdcm pcid sse4_1 sse4_2 x2apic movbe popcnt tsc_deadline_timer aes xsave avx f16c rdrand lahf_lm abm 3dnowprefetch cpuid_fault epb invpcid_single pti ssbd ibrs ibpb stibp tpr_shadow vnmi flexpriority ept vpid ept_ad fsgsbase tsc_adjust bmi1 avx2 smep bmi2 erms invpcid mpx rdseed adx smap clflushopt intel_pt xsaveopt xsavec xgetbv1 xsaves dtherm ida arat pln pts hwp hwp_notify hwp_act_window hwp_epp flush_l1d
bugs		: cpu_meltdown spectre_v1 spectre_v2 spec_store_bypass l1tf
bogomips	: 3985.00
clflush size	: 64
cache_alignment	: 64
address sizes	: 39 bits physical, 48 bits virtual
power management:

processor	: 5
vendor_id	: GenuineIntel
cpu family	: 6
model		: 142
model name	: Intel(R) Core(TM) i7-8550U CPU @ 1.80GHz
stepping	: 10
microcode	: 0x9e
cpu MHz		: 1866.321
cache size	: 8192 KB
physical id	: 0
siblings	: 8
core id		: 1
cpu cores	: 4
apicid		: 3
initial apicid	: 3
fpu		: yes
fpu_exception	: yes
cpuid level	: 22
wp		: yes
flags		: fpu vme de pse tsc msr pae mce cx8 apic sep mtrr pge mca cmov pat pse36 clflush dts acpi mmx fxsr sse sse2 ss ht tm pbe syscall nx pdpe1gb rdtscp lm constant_tsc art arch_perfmon pebs bts rep_good nopl xtopology nonstop_tsc cpuid aperfmperf tsc_known_freq pni pclmulqdq dtes64 monitor ds_cpl vmx est tm2 ssse3 sdbg fma cx16 xtpr pdcm pcid sse4_1 sse4_2 x2apic movbe popcnt tsc_deadline_timer aes xsave avx f16c rdrand lahf_lm abm 3dnowprefetch cpuid_fault epb invpcid_single pti ssbd ibrs ibpb stibp tpr_shadow vnmi flexpriority ept vpid ept_ad fsgsbase tsc_adjust bmi1 avx2 smep bmi2 erms invpcid mpx rdseed adx smap clflushopt intel_pt xsaveopt xsavec xgetbv1 xsaves dtherm ida arat pln pts hwp hwp_notify hwp_act_window hwp_epp flush_l1d
bugs		: cpu_meltdown spectre_v1 spectre_v2 spec_store_bypass l1tf
bogomips	: 3985.00
clflush size	: 64
cache_alignment	: 64
address sizes	: 39 bits physical, 48 bits virtual
power management:

processor	: 6
vendor_id	: GenuineIntel
cpu family	: 6
model		: 142
model name	: Intel(R) Core(TM) i7-8550U CPU @ 1.80GHz
stepping	: 10
microcode	: 0x9e
cpu MHz		: 1873.385
cache size	: 8192 KB
physical id	: 0
siblings	: 8
core id		: 2
cpu cores	: 4
apicid		: 5
initial apicid	: 5
fpu		: yes
fpu_exception	: yes
cpuid level	: 22
wp		: yes
flags		: fpu vme de pse tsc msr pae mce cx8 apic sep mtrr pge mca cmov pat pse36 clflush dts acpi mmx fxsr sse sse2 ss ht tm pbe syscall nx pdpe1gb rdtscp lm constant_tsc art arch_perfmon pebs bts rep_good nopl xtopology nonstop_tsc cpuid aperfmperf tsc_known_freq pni pclmulqdq dtes64 monitor ds_cpl vmx est tm2 ssse3 sdbg fma cx16 xtpr pdcm pcid sse4_1 sse4_2 x2apic movbe popcnt tsc_deadline_timer aes xsave avx f16c rdrand lahf_lm abm 3dnowprefetch cpuid_fault epb invpcid_single pti ssbd ibrs ibpb stibp tpr_shadow vnmi flexpriority ept vpid ept_ad fsgsbase tsc_adjust bmi1 avx2 smep bmi2 erms invpcid mpx rdseed adx smap clflushopt intel_pt xsaveopt xsavec xgetbv1 xsaves dtherm ida arat pln pts hwp hwp_notify hwp_act_window hwp_epp flush_l1d
bugs		: cpu_meltdown spectre_v1 spectre_v2 spec_store_bypass l1tf
bogomips	: 3985.00
clflush size	: 64
cache_alignment	: 64
address sizes	: 39 bits physical, 48 bits virtual
power management:

processor	: 7
vendor_id	: GenuineIntel
cpu family	: 6
model		: 142
model name	: Intel(R) Core(TM) i7-8550U CPU @ 1.80GHz
stepping	: 10
microcode	: 0x9e
cpu MHz		: 1873.858
cache size	: 8192 KB
physical id	: 0
siblings	: 8
core id		: 3
cpu cores	: 4
apicid		: 7
initial apicid	: 7
fpu		: yes
fpu_exception	: yes
cpuid level	: 22
wp		: yes
flags		: fpu vme de pse tsc msr pae mce cx8 apic sep mtrr pge mca cmov pat pse36 clflush dts acpi mmx fxsr sse sse2 ss ht tm pbe syscall nx pdpe1gb rdtscp lm constant_tsc art arch_perfmon pebs bts rep_good nopl xtopology nonstop_tsc cpuid aperfmperf tsc_known_freq pni pclmulqdq dtes64 monitor ds_cpl vmx est tm2 ssse3 sdbg fma cx16 xtpr pdcm pcid sse4_1 sse4_2 x2apic movbe popcnt tsc_deadline_timer aes xsave avx f16c rdrand lahf_lm abm 3dnowprefetch cpuid_fault epb invpcid_single pti ssbd ibrs ibpb stibp tpr_shadow vnmi flexpriority ept vpid ept_ad fsgsbase tsc_adjust bmi1 avx2 smep bmi2 erms invpcid mpx rdseed adx smap clflushopt intel_pt xsaveopt xsavec xgetbv1 xsaves dtherm ida arat pln pts hwp hwp_notify hwp_act_window hwp_epp flush_l1d
bugs		: cpu_meltdown spectre_v1 spectre_v2 spec_store_bypass l1tf
bogomips	: 3985.00
clflush size	: 64
cache_alignment	: 64
address sizes	: 39 bits physical, 48 bits virtual
power management:



Memory: 4k page, physical 7887696k(2694116k free), swap 9227464k(9227464k free)

vm_info: OpenJDK 64-Bit Server VM (25.212-b01) for linux-amd64 JRE (1.8.0_212-b01), built on Mar 21 2019 23:20:35 by "builduser" with gcc 8.2.1 20181127

time: Mon Apr 15 20:22:33 2019
timezone: PDT
elapsed time: 0 seconds (0d 0h 0m 0s)

